\BOOKMARK [1][-]{section.1}{\376\377\122\115\177\156\145\160\133\146\167\345\213\306}{}% 1
\BOOKMARK [2][-]{subsection.1.1}{\376\377\203\003\145\160}{section.1}% 2
\BOOKMARK [2][-]{subsection.1.2}{\376\377\124\021\221\317\154\102\133\374}{section.1}% 3
\BOOKMARK [1][-]{section.2}{\376\377\167\351\226\065\154\102\133\374}{}% 4
\BOOKMARK [2][-]{subsection.2.1}{\376\377\167\351\226\065\154\102\133\374\166\204\133\232\116\111}{section.2}% 5
\BOOKMARK [2][-]{subsection.2.2}{\376\377\121\170\127\213\121\154\137\017}{section.2}% 6
\BOOKMARK [1][-]{section.3}{\376\377\145\160\133\146\140\073\176\323}{}% 7
\BOOKMARK [1][-]{section.4}{\376\377\133\236\226\105\211\302\155\113\116\055\166\204\147\000\134\017\116\214\116\130\225\356\230\230}{}% 8
\BOOKMARK [2][-]{subsection.4.1}{\376\377\166\356\150\007\121\375\145\160\116\016\211\343\147\220\211\343}{section.4}% 9
\BOOKMARK [2][-]{subsection.4.2}{\376\377\150\257\136\246\116\013\226\115\154\325\154\102\145\160\120\074\211\343}{section.4}% 10
\BOOKMARK [1][-]{section.5}{\376\377\136\046\177\132\230\171\166\204\152\041\127\213\164\006\213\272\116\016\140\047\215\050}{}% 11
\BOOKMARK [2][-]{subsection.5.1}{\376\377\167\351\226\065\116\015\123\357\220\006\166\204\123\237\126\340}{section.5}% 12
\BOOKMARK [2][-]{subsection.5.2}{\376\377\116\015\123\357\220\006\136\046\147\145\166\204\225\356\230\230}{section.5}% 13
\BOOKMARK [2][-]{subsection.5.3}{\376\377\137\025\121\145\140\351\177\132\230\171\166\204\117\134\165\050}{section.5}% 14
\BOOKMARK [2][-]{subsection.5.4}{\376\377\140\351\177\132\230\171\166\204\131\175\131\004}{section.5}% 15
\BOOKMARK [1][-]{section.6}{\376\377\000R\000i\000d\000g\000e\126\336\137\122\166\204\145\160\133\146\123\237\164\006}{}% 16
\BOOKMARK [2][-]{subsection.6.1}{\376\377\116\316\147\000\134\017\116\214\116\130\154\325\137\000\131\313}{section.6}% 17
\BOOKMARK [1][-]{section.7}{\376\377\000X\000T\000\040\000X\000\040\000+\000\040\000k\000\040\000I\116\016\153\143\122\031\123\026\230\171\173\111\116\367\166\204\145\160\133\146\143\250\133\374}{}% 18
\BOOKMARK [1][-]{section.8}{\376\377\000R\000i\000d\000g\000e\134\255\126\336\137\122\166\204\145\066\177\051\140\047\215\050}{}% 19
\BOOKMARK [1][-]{section.9}{\376\377\000S\000V\000D\000\040\166\204\121\340\117\125\141\017\116\111}{}% 20
\BOOKMARK [1][-]{section.10}{\376\377\134\255\217\371\126\376\122\006\147\220}{}% 21
